<?xml version="1.0" encoding="UTF-8"?>
<!-- Generated by org.testng.reporters.JUnitXMLReporter -->
<testsuite ignored="0" hostname="DESKTOP-3MSPCCG" failures="0" tests="10" name="practice" time="50.635" errors="0" timestamp="2022-09-18T22:26:21 EET">
  <testcase classname="HappyScenario.ShoppinhScenraio" name="Login_TCs" time="8.304"/>
  <testcase classname="HappyScenario.ShoppinhScenraio" name="Shop_TCs" time="3.412"/>
  <testcase classname="HappyScenario.ShoppinhScenraio" name="SelectResultedProduct_TCs" time="2.841"/>
  <testcase classname="HappyScenario.ShoppinhScenraio" name="AddToCart_TCs" time="3.82"/>
  <testcase classname="HappyScenario.ShoppinhScenraio" name="CartSummary" time="2.147"/>
  <testcase classname="HappyScenario.ShoppinhScenraio" name="ShippingSummary" time="1.347"/>
  <testcase classname="HappyScenario.ShoppinhScenraio" name="SelectPaymentMethod" time="3.272"/>
  <testcase classname="HappyScenario.ShoppinhScenraio" name="OrderSummary" time="3.2"/>
  <testcase classname="HappyScenario.ShoppinhScenraio" name="ConfirmOrder" time="4.314"/>
  <testcase classname="HappyScenario.ShoppinhScenraio" name="ValidateOrder" time="5.885"/>
</testsuite> <!-- practice -->
